<?xml version="1.0" encoding="UTF-8"?>
<!-- Generated by org.testng.reporters.JUnitXMLReporter -->
<testsuite ignored="0" hostname="DESKTOP-U4N0H90" failures="0" tests="4" name="Chrome" time="18.249" errors="0" timestamp="2022-05-19T20:52:23 CST">
  <testcase classname="org.selenium.pom.tests.MyFirstTestCase" name="guestCheckOutUsingDirectBankTransfer" time="9.876"/>
  <testcase classname="org.selenium.pom.tests.MyFirstTestCase" name="loginAndCheckOutUsingDirectBankTransfer" time="11.947"/>
  <testcase classname="org.selenium.pom.tests.NavigationTest" name="NavigateFromHomeToStoreUsingMainMenu" time="2.045"/>
  <testcase classname="org.selenium.pom.tests.SearchTest" name="searchWithPartialMatch" time="1.932"/>
</testsuite> <!-- Chrome -->
