<?xml version="1.0" encoding="UTF-8"?>
<testsuite xmlns:xsi="http://www.w3.org/2001/XMLSchema-instance" xsi:noNamespaceSchemaLocation="https://maven.apache.org/surefire/maven-surefire-plugin/xsd/surefire-test-report-3.0.xsd" version="3.0" name="TestSuite" time="18.731" tests="4" errors="0" skipped="0" failures="0">
  <properties>
[...]
</properties>
  <testcase name="guestCheckOutUsingDirectBankTransfer" classname="org.selenium.pom.tests.MyFirstTestCase" time="9.666">
    <system-out><![CDATA[CURRENT THREAD: 22 , DRIVER = ChromeDriver: chrome on WINDOWS (979774f44f02bb49bf68f0d799d63469)
CURRENT THREAD: 23 , DRIVER = ChromeDriver: chrome on WINDOWS (b26bcaaba2616efe73ce009f4bafecef)
Overlay size: 2
Overlays are invisible
Overlay size: 2
]]></system-out>
    <system-err><![CDATA[SLF4J: Failed to load class "org.slf4j.impl.StaticLoggerBinder".
SLF4J: Defaulting to no-operation (NOP) logger implementation
SLF4J: See http://www.slf4j.org/codes.html#StaticLoggerBinder for further details.
StartiSntgar tiCnhgr CohmreomDerDirvievrer  110011..00.4.9541.9415 (193.c7420d1b8 3(2933bc3e7c2100dd0b56803225a3bb93e5c1c02d30a53601259a9b975cc293a-r3ef1s9/9br7acn9c-hr-ehfeasd/sb/r4a9n5c1h@-{h#e90a4d}s)/4 9o51n@{ #p90o4}r)t  o5n35 7p9ort
O n5l0y4 l5o5ca
lO ncloyn nelcotciaolns  caornnee acltiloonwse da.r
Pele asae sleleo whettdps.://
cPhlroemaesdrei vseer.ec hhrtomtipusm:.o/r/gc/shercuorimtye-codrnisviedr.ecrharotmiiounsm .forogr/ ssuegcguersittiyo-ncso nosni dkeeraetpiionngs  Cfhorro mseuDggreisvteri osnasf eo.n 
keeCpihnrgo mCehDrroimveeDrr iwvaesr  sstaafret.ed
 sCuhcrcoemsesDfruilvleyr. w
as started successfully.
May 19, 2022 8:52:07 PM org.openqa.selenium.remote.ProtocolHandshake createSession
INFO: Detected dialect: W3C
May 19, 2022 8:52:07 PM org.openqa.selenium.devtools.CdpVersionFinder findNearestMatch
WARNING: Unable to find an exact match for CDP version 101, so returning the closest version found: 99
May 19, 2022 8:52:07 PM org.openqa.selenium.devtools.CdpVersionFinder findNearestMatch
INFO: Found CDP implementation for version 101 of 99
May 19, 2022 8:52:07 PM org.openqa.selenium.remote.ProtocolHandshake createSession
INFO: Detected dialect: W3C
May 19, 2022 8:52:07 PM org.openqa.selenium.devtools.CdpVersionFinder findNearestMatch
WARNING: Unable to find an exact match for CDP version 101, so returning the closest version found: 99
May 19, 2022 8:52:07 PM org.openqa.selenium.devtools.CdpVersionFinder findNearestMatch
INFO: Found CDP implementation for version 101 of 99
]]></system-err>
  </testcase>
  <testcase name="loginAndCheckOutUsingDirectBankTransfer" classname="org.selenium.pom.tests.MyFirstTestCase" time="0.833">
    <system-out><![CDATA[Overlays are invisible
CURRENT THREAD: 22 , DRIVER = ChromeDriver: chrome on WINDOWS (efe82ffa5434fefb7302581a465253df)
]]></system-out>
    <system-err><![CDATA[Starting ChromeDriver 101.0.4951.41 (93c720db8323b3ec10d056025ab95c23a31997c9-refs/branch-heads/4951@{#904}) on port 54310
Only local connections are allowed.
Please see https://chromedriver.chromium.org/security-considerations for suggestions on keeping ChromeDriver safe.
ChromeDriver was started successfully.
May 19, 2022 8:52:18 PM org.openqa.selenium.remote.ProtocolHandshake createSession
INFO: Detected dialect: W3C
May 19, 2022 8:52:18 PM org.openqa.selenium.devtools.CdpVersionFinder findNearestMatch
WARNING: Unable to find an exact match for CDP version 101, so returning the closest version found: 99
May 19, 2022 8:52:18 PM org.openqa.selenium.devtools.CdpVersionFinder findNearestMatch
INFO: Found CDP implementation for version 101 of 99
]]></system-err>
  </testcase>
  <testcase name="NavigateFromHomeToStoreUsingMainMenu" classname="org.selenium.pom.tests.NavigationTest" time="2.045">
    <system-err><![CDATA[Starting ChromeDriver 101.0.4951.41 (93c720db8323b3ec10d056025ab95c23a31997c9-refs/branch-heads/4951@{#904}) on port 51996
Only local connections are allowed.
Please see https://chromedriver.chromium.org/security-considerations for suggestions on keeping ChromeDriver safe.
ChromeDriver was started successfully.
]]></system-err>
  </testcase>
  <testcase name="searchWithPartialMatch" classname="org.selenium.pom.tests.SearchTest" time="1.929">
    <system-out><![CDATA[CURRENT THREAD: 23 , DRIVER = ChromeDriver: chrome on WINDOWS (3e3edcafb754ab73c271f789f6d08c97)
]]></system-out>
    <system-err><![CDATA[May 19, 2022 8:52:20 PM org.openqa.selenium.remote.ProtocolHandshake createSession
INFO: Detected dialect: W3C
May 19, 2022 8:52:20 PM org.openqa.selenium.devtools.CdpVersionFinder findNearestMatch
WARNING: Unable to find an exact match for CDP version 101, so returning the closest version found: 99
May 19, 2022 8:52:20 PM org.openqa.selenium.devtools.CdpVersionFinder findNearestMatch
INFO: Found CDP implementation for version 101 of 99
]]></system-err>
  </testcase>
</testsuite>